2026-03-30 08:33:08,348 - __main__ - INFO - Bot starting…
2026-03-30 09:23:26,764 - __main__ - INFO - Bot starting…
2026-03-30 09:23:30,425 - httpx - INFO - HTTP Request: POST https://api.telegram.org/bot8416024172:AAFCrtEDIcSCIKJsHc0BWGDOf2ryK6OSZM0/getMe "HTTP/1.1 200 OK"
2026-03-30 09:23:30,732 - httpx - INFO - HTTP Request: POST https://api.telegram.org/bot8416024172:AAFCrtEDIcSCIKJsHc0BWGDOf2ryK6OSZM0/deleteWebhook "HTTP/1.1 200 OK"
2026-03-30 09:23:30,747 - apscheduler.scheduler - INFO - Scheduler started
2026-03-30 09:23:30,748 - telegram.ext.Application - INFO - Application started
2026-03-30 09:23:41,687 - httpx - INFO - HTTP Request: POST https://api.telegram.org/bot8416024172:AAFCrtEDIcSCIKJsHc0BWGDOf2ryK6OSZM0/getUpdates "HTTP/1.1 200 OK"
2026-03-30 09:23:52,132 - httpx - INFO - HTTP Request: POST https://api.telegram.org/bot8416024172:AAFCrtEDIcSCIKJsHc0BWGDOf2ryK6OSZM0/getUpdates "HTTP/1.1 200 OK"
2026-03-30 09:24:02,373 - httpx - INFO - HTTP Request: POST https://api.telegram.org/bot8416024172:AAFCrtEDIcSCIKJsHc0BWGDOf2ryK6OSZM0/getUpdates "HTTP/1.1 200 OK"
2026-03-30 09:24:12,613 - httpx - INFO - HTTP Request: POST https://api.telegram.org/bot8416024172:AAFCrtEDIcSCIKJsHc0BWGDOf2ryK6OSZM0/getUpdates "HTTP/1.1 200 OK"
2026-03-30 09:24:22,852 - httpx - INFO - HTTP Request: POST https://api.telegram.org/bot8416024172:AAFCrtEDIcSCIKJsHc0BWGDOf2ryK6OSZM0/getUpdates "HTTP/1.1 200 OK"
2026-03-30 09:24:33,197 - httpx - INFO - HTTP Request: POST https://api.telegram.org/bot8416024172:AAFCrtEDIcSCIKJsHc0BWGDOf2ryK6OSZM0/getUpdates "HTTP/1.1 200 OK"
2026-03-30 09:24:43,536 - httpx - INFO - HTTP Request: POST https://api.telegram.org/bot8416024172:AAFCrtEDIcSCIKJsHc0BWGDOf2ryK6OSZM0/getUpdates "HTTP/1.1 200 OK"
2026-03-30 09:24:54,799 - httpx - INFO - HTTP Request: POST https://api.telegram.org/bot8416024172:AAFCrtEDIcSCIKJsHc0BWGDOf2ryK6OSZM0/getUpdates "HTTP/1.1 200 OK"
2026-03-30 09:25:05,042 - httpx - INFO - HTTP Request: POST https://api.telegram.org/bot8416024172:AAFCrtEDIcSCIKJsHc0BWGDOf2ryK6OSZM0/getUpdates "HTTP/1.1 200 OK"
2026-03-30 09:25:15,238 - httpx - INFO - HTTP Request: POST https://api.telegram.org/bot8416024172:AAFCrtEDIcSCIKJsHc0BWGDOf2ryK6OSZM0/getUpdates "HTTP/1.1 200 OK"
2026-03-30 09:25:25,627 - httpx - INFO - HTTP Request: POST https://api.telegram.org/bot8416024172:AAFCrtEDIcSCIKJsHc0BWGDOf2ryK6OSZM0/getUpdates "HTTP/1.1 200 OK"
2026-03-30 09:25:35,860 - httpx - INFO - HTTP Request: POST https://api.telegram.org/bot8416024172:AAFCrtEDIcSCIKJsHc0BWGDOf2ryK6OSZM0/getUpdates "HTTP/1.1 200 OK"
2026-03-30 09:25:46,099 - httpx - INFO - HTTP Request: POST https://api.telegram.org/bot8416024172:AAFCrtEDIcSCIKJsHc0BWGDOf2ryK6OSZM0/getUpdates "HTTP/1.1 200 OK"
2026-03-30 09:25:56,318 - httpx - INFO - HTTP Request: POST https://api.telegram.org/bot8416024172:AAFCrtEDIcSCIKJsHc0BWGDOf2ryK6OSZM0/getUpdates "HTTP/1.1 200 OK"
2026-03-30 09:26:07,264 - httpx - INFO - HTTP Request: POST https://api.telegram.org/bot8416024172:AAFCrtEDIcSCIKJsHc0BWGDOf2ryK6OSZM0/getUpdates "HTTP/1.1 200 OK"
2026-03-30 09:26:18,255 - httpx - INFO - HTTP Request: POST https://api.telegram.org/bot8416024172:AAFCrtEDIcSCIKJsHc0BWGDOf2ryK6OSZM0/getUpdates "HTTP/1.1 200 OK"
2026-03-30 09:26:28,521 - httpx - INFO - HTTP Request: POST https://api.telegram.org/bot8416024172:AAFCrtEDIcSCIKJsHc0BWGDOf2ryK6OSZM0/getUpdates "HTTP/1.1 200 OK"
2026-03-30 09:26:38,731 - httpx - INFO - HTTP Request: POST https://api.telegram.org/bot8416024172:AAFCrtEDIcSCIKJsHc0BWGDOf2ryK6OSZM0/getUpdates "HTTP/1.1 200 OK"
2026-03-30 09:26:48,972 - httpx - INFO - HTTP Request: POST https://api.telegram.org/bot8416024172:AAFCrtEDIcSCIKJsHc0BWGDOf2ryK6OSZM0/getUpdates "HTTP/1.1 200 OK"
2026-03-30 09:26:59,294 - httpx - INFO - HTTP Request: POST https://api.telegram.org/bot8416024172:AAFCrtEDIcSCIKJsHc0BWGDOf2ryK6OSZM0/getUpdates "HTTP/1.1 200 OK"
2026-03-30 09:27:09,553 - httpx - INFO - HTTP Request: POST https://api.telegram.org/bot8416024172:AAFCrtEDIcSCIKJsHc0BWGDOf2ryK6OSZM0/getUpdates "HTTP/1.1 200 OK"
2026-03-30 09:27:19,793 - httpx - INFO - HTTP Request: POST https://api.telegram.org/bot8416024172:AAFCrtEDIcSCIKJsHc0BWGDOf2ryK6OSZM0/getUpdates "HTTP/1.1 200 OK"
2026-03-30 09:27:29,979 - httpx - INFO - HTTP Request: POST https://api.telegram.org/bot8416024172:AAFCrtEDIcSCIKJsHc0BWGDOf2ryK6OSZM0/getUpdates "HTTP/1.1 200 OK"
2026-03-30 09:27:40,173 - httpx - INFO - HTTP Request: POST https://api.telegram.org/bot8416024172:AAFCrtEDIcSCIKJsHc0BWGDOf2ryK6OSZM0/getUpdates "HTTP/1.1 200 OK"
2026-03-30 09:27:50,379 - httpx - INFO - HTTP Request: POST https://api.telegram.org/bot8416024172:AAFCrtEDIcSCIKJsHc0BWGDOf2ryK6OSZM0/getUpdates "HTTP/1.1 200 OK"
2026-03-30 09:28:00,652 - httpx - INFO - HTTP Request: POST https://api.telegram.org/bot8416024172:AAFCrtEDIcSCIKJsHc0BWGDOf2ryK6OSZM0/getUpdates "HTTP/1.1 200 OK"
2026-03-30 09:28:10,891 - httpx - INFO - HTTP Request: POST https://api.telegram.org/bot8416024172:AAFCrtEDIcSCIKJsHc0BWGDOf2ryK6OSZM0/getUpdates "HTTP/1.1 200 OK"
2026-03-30 09:28:21,114 - httpx - INFO - HTTP Request: POST https://api.telegram.org/bot8416024172:AAFCrtEDIcSCIKJsHc0BWGDOf2ryK6OSZM0/getUpdates "HTTP/1.1 200 OK"
2026-03-30 09:28:31,371 - httpx - INFO - HTTP Request: POST https://api.telegram.org/bot8416024172:AAFCrtEDIcSCIKJsHc0BWGDOf2ryK6OSZM0/getUpdates "HTTP/1.1 200 OK"
2026-03-30 09:28:41,611 - httpx - INFO - HTTP Request: POST https://api.telegram.org/bot8416024172:AAFCrtEDIcSCIKJsHc0BWGDOf2ryK6OSZM0/getUpdates "HTTP/1.1 200 OK"
2026-03-30 09:28:51,819 - httpx - INFO - HTTP Request: POST https://api.telegram.org/bot8416024172:AAFCrtEDIcSCIKJsHc0BWGDOf2ryK6OSZM0/getUpdates "HTTP/1.1 200 OK"
2026-03-30 09:29:02,089 - httpx - INFO - HTTP Request: POST https://api.telegram.org/bot8416024172:AAFCrtEDIcSCIKJsHc0BWGDOf2ryK6OSZM0/getUpdates "HTTP/1.1 200 OK"
2026-03-30 09:29:12,311 - httpx - INFO - HTTP Request: POST https://api.telegram.org/bot8416024172:AAFCrtEDIcSCIKJsHc0BWGDOf2ryK6OSZM0/getUpdates "HTTP/1.1 200 OK"
2026-03-30 09:29:22,536 - httpx - INFO - HTTP Request: POST https://api.telegram.org/bot8416024172:AAFCrtEDIcSCIKJsHc0BWGDOf2ryK6OSZM0/getUpdates "HTTP/1.1 200 OK"
2026-03-30 09:29:32,752 - httpx - INFO - HTTP Request: POST https://api.telegram.org/bot8416024172:AAFCrtEDIcSCIKJsHc0BWGDOf2ryK6OSZM0/getUpdates "HTTP/1.1 200 OK"
2026-03-30 09:29:43,046 - httpx - INFO - HTTP Request: POST https://api.telegram.org/bot8416024172:AAFCrtEDIcSCIKJsHc0BWGDOf2ryK6OSZM0/getUpdates "HTTP/1.1 200 OK"
2026-03-30 09:29:53,451 - httpx - INFO - HTTP Request: POST https://api.telegram.org/bot8416024172:AAFCrtEDIcSCIKJsHc0BWGDOf2ryK6OSZM0/getUpdates "HTTP/1.1 200 OK"
2026-03-30 09:30:03,729 - httpx - INFO - HTTP Request: POST https://api.telegram.org/bot8416024172:AAFCrtEDIcSCIKJsHc0BWGDOf2ryK6OSZM0/getUpdates "HTTP/1.1 200 OK"
2026-03-30 09:30:13,933 - httpx - INFO - HTTP Request: POST https://api.telegram.org/bot8416024172:AAFCrtEDIcSCIKJsHc0BWGDOf2ryK6OSZM0/getUpdates "HTTP/1.1 200 OK"
2026-03-30 09:30:24,131 - httpx - INFO - HTTP Request: POST https://api.telegram.org/bot8416024172:AAFCrtEDIcSCIKJsHc0BWGDOf2ryK6OSZM0/getUpdates "HTTP/1.1 200 OK"
2026-03-30 09:30:34,345 - httpx - INFO - HTTP Request: POST https://api.telegram.org/bot8416024172:AAFCrtEDIcSCIKJsHc0BWGDOf2ryK6OSZM0/getUpdates "HTTP/1.1 200 OK"
2026-03-30 09:30:44,569 - httpx - INFO - HTTP Request: POST https://api.telegram.org/bot8416024172:AAFCrtEDIcSCIKJsHc0BWGDOf2ryK6OSZM0/getUpdates "HTTP/1.1 200 OK"
2026-03-30 09:30:54,790 - httpx - INFO - HTTP Request: POST https://api.telegram.org/bot8416024172:AAFCrtEDIcSCIKJsHc0BWGDOf2ryK6OSZM0/getUpdates "HTTP/1.1 200 OK"
2026-03-30 09:31:05,171 - httpx - INFO - HTTP Request: POST https://api.telegram.org/bot8416024172:AAFCrtEDIcSCIKJsHc0BWGDOf2ryK6OSZM0/getUpdates "HTTP/1.1 200 OK"
2026-03-30 09:31:15,408 - httpx - INFO - HTTP Request: POST https://api.telegram.org/bot8416024172:AAFCrtEDIcSCIKJsHc0BWGDOf2ryK6OSZM0/getUpdates "HTTP/1.1 200 OK"
2026-03-30 09:31:25,648 - httpx - INFO - HTTP Request: POST https://api.telegram.org/bot8416024172:AAFCrtEDIcSCIKJsHc0BWGDOf2ryK6OSZM0/getUpdates "HTTP/1.1 200 OK"
2026-03-30 09:31:36,357 - httpx - INFO - HTTP Request: POST https://api.telegram.org/bot8416024172:AAFCrtEDIcSCIKJsHc0BWGDOf2ryK6OSZM0/getUpdates "HTTP/1.1 200 OK"
2026-03-30 09:31:46,639 - httpx - INFO - HTTP Request: POST https://api.telegram.org/bot8416024172:AAFCrtEDIcSCIKJsHc0BWGDOf2ryK6OSZM0/getUpdates "HTTP/1.1 200 OK"
2026-03-30 09:31:58,517 - httpx - INFO - HTTP Request: POST https://api.telegram.org/bot8416024172:AAFCrtEDIcSCIKJsHc0BWGDOf2ryK6OSZM0/getUpdates "HTTP/1.1 200 OK"
2026-03-30 09:32:08,757 - httpx - INFO - HTTP Request: POST https://api.telegram.org/bot8416024172:AAFCrtEDIcSCIKJsHc0BWGDOf2ryK6OSZM0/getUpdates "HTTP/1.1 200 OK"
2026-03-30 09:32:18,996 - httpx - INFO - HTTP Request: POST https://api.telegram.org/bot8416024172:AAFCrtEDIcSCIKJsHc0BWGDOf2ryK6OSZM0/getUpdates "HTTP/1.1 200 OK"
2026-03-30 09:32:29,189 - httpx - INFO - HTTP Request: POST https://api.telegram.org/bot8416024172:AAFCrtEDIcSCIKJsHc0BWGDOf2ryK6OSZM0/getUpdates "HTTP/1.1 200 OK"
2026-03-30 09:32:39,477 - httpx - INFO - HTTP Request: POST https://api.telegram.org/bot8416024172:AAFCrtEDIcSCIKJsHc0BWGDOf2ryK6OSZM0/getUpdates "HTTP/1.1 200 OK"
2026-03-30 09:32:49,715 - httpx - INFO - HTTP Request: POST https://api.telegram.org/bot8416024172:AAFCrtEDIcSCIKJsHc0BWGDOf2ryK6OSZM0/getUpdates "HTTP/1.1 200 OK"
2026-03-30 09:32:59,915 - httpx - INFO - HTTP Request: POST https://api.telegram.org/bot8416024172:AAFCrtEDIcSCIKJsHc0BWGDOf2ryK6OSZM0/getUpdates "HTTP/1.1 200 OK"
2026-03-30 09:33:10,131 - httpx - INFO - HTTP Request: POST https://api.telegram.org/bot8416024172:AAFCrtEDIcSCIKJsHc0BWGDOf2ryK6OSZM0/getUpdates "HTTP/1.1 200 OK"
2026-03-30 09:33:20,322 - httpx - INFO - HTTP Request: POST https://api.telegram.org/bot8416024172:AAFCrtEDIcSCIKJsHc0BWGDOf2ryK6OSZM0/getUpdates "HTTP/1.1 200 OK"
2026-03-30 09:33:30,573 - httpx - INFO - HTTP Request: POST https://api.telegram.org/bot8416024172:AAFCrtEDIcSCIKJsHc0BWGDOf2ryK6OSZM0/getUpdates "HTTP/1.1 200 OK"
2026-03-30 09:33:40,914 - httpx - INFO - HTTP Request: POST https://api.telegram.org/bot8416024172:AAFCrtEDIcSCIKJsHc0BWGDOf2ryK6OSZM0/getUpdates "HTTP/1.1 200 OK"
2026-03-30 09:33:51,154 - httpx - INFO - HTTP Request: POST https://api.telegram.org/bot8416024172:AAFCrtEDIcSCIKJsHc0BWGDOf2ryK6OSZM0/getUpdates "HTTP/1.1 200 OK"
2026-03-30 09:34:01,360 - httpx - INFO - HTTP Request: POST https://api.telegram.org/bot8416024172:AAFCrtEDIcSCIKJsHc0BWGDOf2ryK6OSZM0/getUpdates "HTTP/1.1 200 OK"
2026-03-30 09:34:11,633 - httpx - INFO - HTTP Request: POST https://api.telegram.org/bot8416024172:AAFCrtEDIcSCIKJsHc0BWGDOf2ryK6OSZM0/getUpdates "HTTP/1.1 200 OK"
2026-03-30 09:34:22,078 - httpx - INFO - HTTP Request: POST https://api.telegram.org/bot8416024172:AAFCrtEDIcSCIKJsHc0BWGDOf2ryK6OSZM0/getUpdates "HTTP/1.1 200 OK"
2026-03-30 09:34:32,317 - httpx - INFO - HTTP Request: POST https://api.telegram.org/bot8416024172:AAFCrtEDIcSCIKJsHc0BWGDOf2ryK6OSZM0/getUpdates "HTTP/1.1 200 OK"
2026-03-30 09:34:42,659 - httpx - INFO - HTTP Request: POST https://api.telegram.org/bot8416024172:AAFCrtEDIcSCIKJsHc0BWGDOf2ryK6OSZM0/getUpdates "HTTP/1.1 200 OK"
2026-03-30 09:34:53,186 - httpx - INFO - HTTP Request: POST https://api.telegram.org/bot8416024172:AAFCrtEDIcSCIKJsHc0BWGDOf2ryK6OSZM0/getUpdates "HTTP/1.1 200 OK"
2026-03-30 09:35:04,487 - httpx - INFO - HTTP Request: POST https://api.telegram.org/bot8416024172:AAFCrtEDIcSCIKJsHc0BWGDOf2ryK6OSZM0/getUpdates "HTTP/1.1 200 OK"
2026-03-30 09:35:16,653 - httpx - INFO - HTTP Request: POST https://api.telegram.org/bot8416024172:AAFCrtEDIcSCIKJsHc0BWGDOf2ryK6OSZM0/getUpdates "HTTP/1.1 200 OK"
2026-03-30 09:35:28,365 - httpx - INFO - HTTP Request: POST https://api.telegram.org/bot8416024172:AAFCrtEDIcSCIKJsHc0BWGDOf2ryK6OSZM0/getUpdates "HTTP/1.1 200 OK"
2026-03-30 09:35:39,450 - httpx - INFO - HTTP Request: POST https://api.telegram.org/bot8416024172:AAFCrtEDIcSCIKJsHc0BWGDOf2ryK6OSZM0/getUpdates "HTTP/1.1 200 OK"
2026-03-30 09:35:52,576 - httpx - INFO - HTTP Request: POST https://api.telegram.org/bot8416024172:AAFCrtEDIcSCIKJsHc0BWGDOf2ryK6OSZM0/getUpdates "HTTP/1.1 200 OK"
2026-03-30 09:36:04,004 - httpx - INFO - HTTP Request: POST https://api.telegram.org/bot8416024172:AAFCrtEDIcSCIKJsHc0BWGDOf2ryK6OSZM0/getUpdates "HTTP/1.1 200 OK"
2026-03-30 09:36:16,923 - httpx - INFO - HTTP Request: POST https://api.telegram.org/bot8416024172:AAFCrtEDIcSCIKJsHc0BWGDOf2ryK6OSZM0/getUpdates "HTTP/1.1 200 OK"
2026-03-30 09:36:28,397 - httpx - INFO - HTTP Request: POST https://api.telegram.org/bot8416024172:AAFCrtEDIcSCIKJsHc0BWGDOf2ryK6OSZM0/getUpdates "HTTP/1.1 200 OK"
2026-03-30 09:36:39,897 - httpx - INFO - HTTP Request: POST https://api.telegram.org/bot8416024172:AAFCrtEDIcSCIKJsHc0BWGDOf2ryK6OSZM0/getUpdates "HTTP/1.1 200 OK"
2026-03-30 09:36:50,111 - httpx - INFO - HTTP Request: POST https://api.telegram.org/bot8416024172:AAFCrtEDIcSCIKJsHc0BWGDOf2ryK6OSZM0/getUpdates "HTTP/1.1 200 OK"
2026-03-30 09:37:00,303 - httpx - INFO - HTTP Request: POST https://api.telegram.org/bot8416024172:AAFCrtEDIcSCIKJsHc0BWGDOf2ryK6OSZM0/getUpdates "HTTP/1.1 200 OK"
2026-03-30 09:37:10,634 - httpx - INFO - HTTP Request: POST https://api.telegram.org/bot8416024172:AAFCrtEDIcSCIKJsHc0BWGDOf2ryK6OSZM0/getUpdates "HTTP/1.1 200 OK"
2026-03-30 09:37:20,861 - httpx - INFO - HTTP Request: POST https://api.telegram.org/bot8416024172:AAFCrtEDIcSCIKJsHc0BWGDOf2ryK6OSZM0/getUpdates "HTTP/1.1 200 OK"
2026-03-30 09:37:31,099 - httpx - INFO - HTTP Request: POST https://api.telegram.org/bot8416024172:AAFCrtEDIcSCIKJsHc0BWGDOf2ryK6OSZM0/getUpdates "HTTP/1.1 200 OK"
2026-03-30 09:37:41,340 - httpx - INFO - HTTP Request: POST https://api.telegram.org/bot8416024172:AAFCrtEDIcSCIKJsHc0BWGDOf2ryK6OSZM0/getUpdates "HTTP/1.1 200 OK"
2026-03-30 09:37:51,545 - httpx - INFO - HTTP Request: POST https://api.telegram.org/bot8416024172:AAFCrtEDIcSCIKJsHc0BWGDOf2ryK6OSZM0/getUpdates "HTTP/1.1 200 OK"
2026-03-30 09:38:17,792 - telegram.ext.Application - ERROR - No error handlers are registered, logging exception.
Traceback (most recent call last):
  File "C:\Users\Hp\AppData\Local\Programs\Python\Python314\Lib\site-packages\httpx\_transports\default.py", line 101, in map_httpcore_exceptions
    yield
  File "C:\Users\Hp\AppData\Local\Programs\Python\Python314\Lib\site-packages\httpx\_transports\default.py", line 394, in handle_async_request
    resp = await self._pool.handle_async_request(req)
           ^^^^^^^^^^^^^^^^^^^^^^^^^^^^^^^^^^^^^^^^^^
  File "C:\Users\Hp\AppData\Local\Programs\Python\Python314\Lib\site-packages\httpcore\_async\connection_pool.py", line 256, in handle_async_request
    raise exc from None
  File "C:\Users\Hp\AppData\Local\Programs\Python\Python314\Lib\site-packages\httpcore\_async\connection_pool.py", line 236, in handle_async_request
    response = await connection.handle_async_request(
               ^^^^^^^^^^^^^^^^^^^^^^^^^^^^^^^^^^^^^^
        pool_request.request
        ^^^^^^^^^^^^^^^^^^^^
    )
    ^
  File "C:\Users\Hp\AppData\Local\Programs\Python\Python314\Lib\site-packages\httpcore\_async\connection.py", line 101, in handle_async_request
    raise exc
  File "C:\Users\Hp\AppData\Local\Programs\Python\Python314\Lib\site-packages\httpcore\_async\connection.py", line 78, in handle_async_request
    stream = await self._connect(request)
             ^^^^^^^^^^^^^^^^^^^^^^^^^^^^
  File "C:\Users\Hp\AppData\Local\Programs\Python\Python314\Lib\site-packages\httpcore\_async\connection.py", line 124, in _connect
    stream = await self._network_backend.connect_tcp(**kwargs)
             ^^^^^^^^^^^^^^^^^^^^^^^^^^^^^^^^^^^^^^^^^^^^^^^^^
  File "C:\Users\Hp\AppData\Local\Programs\Python\Python314\Lib\site-packages\httpcore\_backends\auto.py", line 31, in connect_tcp
    return await self._backend.connect_tcp(
           ^^^^^^^^^^^^^^^^^^^^^^^^^^^^^^^^
    ...<5 lines>...
    )
    ^
  File "C:\Users\Hp\AppData\Local\Programs\Python\Python314\Lib\site-packages\httpcore\_backends\anyio.py", line 113, in connect_tcp
    with map_exceptions(exc_map):
         ~~~~~~~~~~~~~~^^^^^^^^^
  File "C:\Users\Hp\AppData\Local\Programs\Python\Python314\Lib\contextlib.py", line 162, in __exit__
    self.gen.throw(value)
    ~~~~~~~~~~~~~~^^^^^^^
  File "C:\Users\Hp\AppData\Local\Programs\Python\Python314\Lib\site-packages\httpcore\_exceptions.py", line 14, in map_exceptions
    raise to_exc(exc) from exc
httpcore.ConnectError: [Errno 11001] getaddrinfo failed

The above exception was the direct cause of the following exception:

Traceback (most recent call last):
  File "C:\Users\Hp\AppData\Local\Programs\Python\Python314\Lib\site-packages\telegram\request\_httpxrequest.py", line 292, in do_request
    res = await self._client.request(
          ^^^^^^^^^^^^^^^^^^^^^^^^^^^
    ...<6 lines>...
    )
    ^
  File "C:\Users\Hp\AppData\Local\Programs\Python\Python314\Lib\site-packages\httpx\_client.py", line 1540, in request
    return await self.send(request, auth=auth, follow_redirects=follow_redirects)
           ^^^^^^^^^^^^^^^^^^^^^^^^^^^^^^^^^^^^^^^^^^^^^^^^^^^^^^^^^^^^^^^^^^^^^^
  File "C:\Users\Hp\AppData\Local\Programs\Python\Python314\Lib\site-packages\httpx\_client.py", line 1629, in send
    response = await self._send_handling_auth(
               ^^^^^^^^^^^^^^^^^^^^^^^^^^^^^^^
    ...<4 lines>...
    )
    ^
  File "C:\Users\Hp\AppData\Local\Programs\Python\Python314\Lib\site-packages\httpx\_client.py", line 1657, in _send_handling_auth
    response = await self._send_handling_redirects(
               ^^^^^^^^^^^^^^^^^^^^^^^^^^^^^^^^^^^^
    ...<3 lines>...
    )
    ^
  File "C:\Users\Hp\AppData\Local\Programs\Python\Python314\Lib\site-packages\httpx\_client.py", line 1694, in _send_handling_redirects
    response = await self._send_single_request(request)
               ^^^^^^^^^^^^^^^^^^^^^^^^^^^^^^^^^^^^^^^^
  File "C:\Users\Hp\AppData\Local\Programs\Python\Python314\Lib\site-packages\httpx\_client.py", line 1730, in _send_single_request
    response = await transport.handle_async_request(request)
               ^^^^^^^^^^^^^^^^^^^^^^^^^^^^^^^^^^^^^^^^^^^^^
  File "C:\Users\Hp\AppData\Local\Programs\Python\Python314\Lib\site-packages\httpx\_transports\default.py", line 393, in handle_async_request
    with map_httpcore_exceptions():
         ~~~~~~~~~~~~~~~~~~~~~~~^^
  File "C:\Users\Hp\AppData\Local\Programs\Python\Python314\Lib\contextlib.py", line 162, in __exit__
    self.gen.throw(value)
    ~~~~~~~~~~~~~~^^^^^^^
  File "C:\Users\Hp\AppData\Local\Programs\Python\Python314\Lib\site-packages\httpx\_transports\default.py", line 118, in map_httpcore_exceptions
    raise mapped_exc(message) from exc
httpx.ConnectError: [Errno 11001] getaddrinfo failed

The above exception was the direct cause of the following exception:

Traceback (most recent call last):
  File "C:\Users\Hp\AppData\Local\Programs\Python\Python314\Lib\site-packages\telegram\ext\_updater.py", line 753, in _network_loop_retry
    if not await do_action():
           ^^^^^^^^^^^^^^^^^
  File "C:\Users\Hp\AppData\Local\Programs\Python\Python314\Lib\site-packages\telegram\ext\_updater.py", line 747, in do_action
    return action_cb_task.result()
           ~~~~~~~~~~~~~~~~~~~~~^^
  File "C:\Users\Hp\AppData\Local\Programs\Python\Python314\Lib\site-packages\telegram\ext\_updater.py", line 377, in polling_action_cb
    updates = await self.bot.get_updates(
              ^^^^^^^^^^^^^^^^^^^^^^^^^^^
    ...<7 lines>...
    )
    ^
  File "C:\Users\Hp\AppData\Local\Programs\Python\Python314\Lib\site-packages\telegram\ext\_extbot.py", line 649, in get_updates
    updates = await super().get_updates(
              ^^^^^^^^^^^^^^^^^^^^^^^^^^
    ...<9 lines>...
    )
    ^
  File "C:\Users\Hp\AppData\Local\Programs\Python\Python314\Lib\site-packages\telegram\_bot.py", line 4366, in get_updates
    await self._post(
    ^^^^^^^^^^^^^^^^^
    ...<7 lines>...
    ),
    ^
  File "C:\Users\Hp\AppData\Local\Programs\Python\Python314\Lib\site-packages\telegram\_bot.py", line 623, in _post
    return await self._do_post(
           ^^^^^^^^^^^^^^^^^^^^
    ...<6 lines>...
    )
    ^
  File "C:\Users\Hp\AppData\Local\Programs\Python\Python314\Lib\site-packages\telegram\ext\_extbot.py", line 355, in _do_post
    return await super()._do_post(
           ^^^^^^^^^^^^^^^^^^^^^^^
    ...<6 lines>...
    )
    ^
  File "C:\Users\Hp\AppData\Local\Programs\Python\Python314\Lib\site-packages\telegram\_bot.py", line 652, in _do_post
    result = await request.post(
             ^^^^^^^^^^^^^^^^^^^
    ...<6 lines>...
    )
    ^
  File "C:\Users\Hp\AppData\Local\Programs\Python\Python314\Lib\site-packages\telegram\request\_baserequest.py", line 201, in post
    result = await self._request_wrapper(
             ^^^^^^^^^^^^^^^^^^^^^^^^^^^^
    ...<7 lines>...
    )
    ^
  File "C:\Users\Hp\AppData\Local\Programs\Python\Python314\Lib\site-packages\telegram\request\_baserequest.py", line 333, in _request_wrapper
    code, payload = await self.do_request(
                    ^^^^^^^^^^^^^^^^^^^^^^
    ...<7 lines>...
    )
    ^
  File "C:\Users\Hp\AppData\Local\Programs\Python\Python314\Lib\site-packages\telegram\request\_httpxrequest.py", line 316, in do_request
    raise NetworkError(f"httpx.{err.__class__.__name__}: {err}") from err
telegram.error.NetworkError: httpx.ConnectError: [Errno 11001] getaddrinfo failed
2026-03-30 09:39:50,302 - httpx - INFO - HTTP Request: POST https://api.telegram.org/bot8416024172:AAFCrtEDIcSCIKJsHc0BWGDOf2ryK6OSZM0/getUpdates "HTTP/1.1 200 OK"
2026-03-30 09:40:00,584 - httpx - INFO - HTTP Request: POST https://api.telegram.org/bot8416024172:AAFCrtEDIcSCIKJsHc0BWGDOf2ryK6OSZM0/getUpdates "HTTP/1.1 200 OK"
2026-03-30 09:40:10,959 - httpx - INFO - HTTP Request: POST https://api.telegram.org/bot8416024172:AAFCrtEDIcSCIKJsHc0BWGDOf2ryK6OSZM0/getUpdates "HTTP/1.1 200 OK"
2026-03-30 09:40:21,168 - httpx - INFO - HTTP Request: POST https://api.telegram.org/bot8416024172:AAFCrtEDIcSCIKJsHc0BWGDOf2ryK6OSZM0/getUpdates "HTTP/1.1 200 OK"
2026-03-30 09:40:31,524 - httpx - INFO - HTTP Request: POST https://api.telegram.org/bot8416024172:AAFCrtEDIcSCIKJsHc0BWGDOf2ryK6OSZM0/getUpdates "HTTP/1.1 200 OK"
2026-03-30 09:40:41,736 - httpx - INFO - HTTP Request: POST https://api.telegram.org/bot8416024172:AAFCrtEDIcSCIKJsHc0BWGDOf2ryK6OSZM0/getUpdates "HTTP/1.1 200 OK"
2026-03-30 09:40:52,005 - httpx - INFO - HTTP Request: POST https://api.telegram.org/bot8416024172:AAFCrtEDIcSCIKJsHc0BWGDOf2ryK6OSZM0/getUpdates "HTTP/1.1 200 OK"
2026-03-30 09:41:02,244 - httpx - INFO - HTTP Request: POST https://api.telegram.org/bot8416024172:AAFCrtEDIcSCIKJsHc0BWGDOf2ryK6OSZM0/getUpdates "HTTP/1.1 200 OK"
2026-03-30 09:41:12,481 - httpx - INFO - HTTP Request: POST https://api.telegram.org/bot8416024172:AAFCrtEDIcSCIKJsHc0BWGDOf2ryK6OSZM0/getUpdates "HTTP/1.1 200 OK"
2026-03-30 09:41:22,723 - httpx - INFO - HTTP Request: POST https://api.telegram.org/bot8416024172:AAFCrtEDIcSCIKJsHc0BWGDOf2ryK6OSZM0/getUpdates "HTTP/1.1 200 OK"
2026-03-30 09:41:32,929 - httpx - INFO - HTTP Request: POST https://api.telegram.org/bot8416024172:AAFCrtEDIcSCIKJsHc0BWGDOf2ryK6OSZM0/getUpdates "HTTP/1.1 200 OK"
2026-03-30 09:41:43,156 - httpx - INFO - HTTP Request: POST https://api.telegram.org/bot8416024172:AAFCrtEDIcSCIKJsHc0BWGDOf2ryK6OSZM0/getUpdates "HTTP/1.1 200 OK"
2026-03-30 09:41:53,443 - httpx - INFO - HTTP Request: POST https://api.telegram.org/bot8416024172:AAFCrtEDIcSCIKJsHc0BWGDOf2ryK6OSZM0/getUpdates "HTTP/1.1 200 OK"
2026-03-30 09:42:03,682 - httpx - INFO - HTTP Request: POST https://api.telegram.org/bot8416024172:AAFCrtEDIcSCIKJsHc0BWGDOf2ryK6OSZM0/getUpdates "HTTP/1.1 200 OK"
2026-03-30 09:42:13,919 - httpx - INFO - HTTP Request: POST https://api.telegram.org/bot8416024172:AAFCrtEDIcSCIKJsHc0BWGDOf2ryK6OSZM0/getUpdates "HTTP/1.1 200 OK"
2026-03-30 09:42:24,162 - httpx - INFO - HTTP Request: POST https://api.telegram.org/bot8416024172:AAFCrtEDIcSCIKJsHc0BWGDOf2ryK6OSZM0/getUpdates "HTTP/1.1 200 OK"
2026-03-30 09:42:34,362 - httpx - INFO - HTTP Request: POST https://api.telegram.org/bot8416024172:AAFCrtEDIcSCIKJsHc0BWGDOf2ryK6OSZM0/getUpdates "HTTP/1.1 200 OK"
2026-03-30 09:42:44,640 - httpx - INFO - HTTP Request: POST https://api.telegram.org/bot8416024172:AAFCrtEDIcSCIKJsHc0BWGDOf2ryK6OSZM0/getUpdates "HTTP/1.1 200 OK"
2026-03-30 09:42:54,845 - httpx - INFO - HTTP Request: POST https://api.telegram.org/bot8416024172:AAFCrtEDIcSCIKJsHc0BWGDOf2ryK6OSZM0/getUpdates "HTTP/1.1 200 OK"
2026-03-30 09:43:05,040 - httpx - INFO - HTTP Request: POST https://api.telegram.org/bot8416024172:AAFCrtEDIcSCIKJsHc0BWGDOf2ryK6OSZM0/getUpdates "HTTP/1.1 200 OK"
2026-03-30 09:43:15,245 - httpx - INFO - HTTP Request: POST https://api.telegram.org/bot8416024172:AAFCrtEDIcSCIKJsHc0BWGDOf2ryK6OSZM0/getUpdates "HTTP/1.1 200 OK"
2026-03-30 09:43:25,497 - httpx - INFO - HTTP Request: POST https://api.telegram.org/bot8416024172:AAFCrtEDIcSCIKJsHc0BWGDOf2ryK6OSZM0/getUpdates "HTTP/1.1 200 OK"
2026-03-30 09:43:35,735 - httpx - INFO - HTTP Request: POST https://api.telegram.org/bot8416024172:AAFCrtEDIcSCIKJsHc0BWGDOf2ryK6OSZM0/getUpdates "HTTP/1.1 200 OK"
2026-03-30 09:43:45,973 - httpx - INFO - HTTP Request: POST https://api.telegram.org/bot8416024172:AAFCrtEDIcSCIKJsHc0BWGDOf2ryK6OSZM0/getUpdates "HTTP/1.1 200 OK"
2026-03-30 09:43:56,212 - httpx - INFO - HTTP Request: POST https://api.telegram.org/bot8416024172:AAFCrtEDIcSCIKJsHc0BWGDOf2ryK6OSZM0/getUpdates "HTTP/1.1 200 OK"
2026-03-30 09:44:06,454 - httpx - INFO - HTTP Request: POST https://api.telegram.org/bot8416024172:AAFCrtEDIcSCIKJsHc0BWGDOf2ryK6OSZM0/getUpdates "HTTP/1.1 200 OK"
2026-03-30 09:44:16,697 - httpx - INFO - HTTP Request: POST https://api.telegram.org/bot8416024172:AAFCrtEDIcSCIKJsHc0BWGDOf2ryK6OSZM0/getUpdates "HTTP/1.1 200 OK"
2026-03-30 09:44:26,940 - httpx - INFO - HTTP Request: POST https://api.telegram.org/bot8416024172:AAFCrtEDIcSCIKJsHc0BWGDOf2ryK6OSZM0/getUpdates "HTTP/1.1 200 OK"
2026-03-30 09:44:37,274 - httpx - INFO - HTTP Request: POST https://api.telegram.org/bot8416024172:AAFCrtEDIcSCIKJsHc0BWGDOf2ryK6OSZM0/getUpdates "HTTP/1.1 200 OK"
2026-03-30 09:44:47,521 - httpx - INFO - HTTP Request: POST https://api.telegram.org/bot8416024172:AAFCrtEDIcSCIKJsHc0BWGDOf2ryK6OSZM0/getUpdates "HTTP/1.1 200 OK"
2026-03-30 09:44:57,729 - httpx - INFO - HTTP Request: POST https://api.telegram.org/bot8416024172:AAFCrtEDIcSCIKJsHc0BWGDOf2ryK6OSZM0/getUpdates "HTTP/1.1 200 OK"
2026-03-30 09:45:07,915 - httpx - INFO - HTTP Request: POST https://api.telegram.org/bot8416024172:AAFCrtEDIcSCIKJsHc0BWGDOf2ryK6OSZM0/getUpdates "HTTP/1.1 200 OK"
2026-03-30 09:45:18,132 - httpx - INFO - HTTP Request: POST https://api.telegram.org/bot8416024172:AAFCrtEDIcSCIKJsHc0BWGDOf2ryK6OSZM0/getUpdates "HTTP/1.1 200 OK"
2026-03-30 09:45:28,374 - httpx - INFO - HTTP Request: POST https://api.telegram.org/bot8416024172:AAFCrtEDIcSCIKJsHc0BWGDOf2ryK6OSZM0/getUpdates "HTTP/1.1 200 OK"
2026-03-30 09:45:38,583 - httpx - INFO - HTTP Request: POST https://api.telegram.org/bot8416024172:AAFCrtEDIcSCIKJsHc0BWGDOf2ryK6OSZM0/getUpdates "HTTP/1.1 200 OK"
2026-03-30 09:45:48,777 - httpx - INFO - HTTP Request: POST https://api.telegram.org/bot8416024172:AAFCrtEDIcSCIKJsHc0BWGDOf2ryK6OSZM0/getUpdates "HTTP/1.1 200 OK"
2026-03-30 09:45:59,091 - httpx - INFO - HTTP Request: POST https://api.telegram.org/bot8416024172:AAFCrtEDIcSCIKJsHc0BWGDOf2ryK6OSZM0/getUpdates "HTTP/1.1 200 OK"
2026-03-30 09:46:09,434 - httpx - INFO - HTTP Request: POST https://api.telegram.org/bot8416024172:AAFCrtEDIcSCIKJsHc0BWGDOf2ryK6OSZM0/getUpdates "HTTP/1.1 200 OK"
2026-03-30 09:46:19,636 - httpx - INFO - HTTP Request: POST https://api.telegram.org/bot8416024172:AAFCrtEDIcSCIKJsHc0BWGDOf2ryK6OSZM0/getUpdates "HTTP/1.1 200 OK"
2026-03-30 09:46:29,846 - httpx - INFO - HTTP Request: POST https://api.telegram.org/bot8416024172:AAFCrtEDIcSCIKJsHc0BWGDOf2ryK6OSZM0/getUpdates "HTTP/1.1 200 OK"
2026-03-30 09:46:40,055 - httpx - INFO - HTTP Request: POST https://api.telegram.org/bot8416024172:AAFCrtEDIcSCIKJsHc0BWGDOf2ryK6OSZM0/getUpdates "HTTP/1.1 200 OK"
2026-03-30 09:46:50,257 - httpx - INFO - HTTP Request: POST https://api.telegram.org/bot8416024172:AAFCrtEDIcSCIKJsHc0BWGDOf2ryK6OSZM0/getUpdates "HTTP/1.1 200 OK"
2026-03-30 09:47:00,531 - httpx - INFO - HTTP Request: POST https://api.telegram.org/bot8416024172:AAFCrtEDIcSCIKJsHc0BWGDOf2ryK6OSZM0/getUpdates "HTTP/1.1 200 OK"
2026-03-30 09:47:10,769 - httpx - INFO - HTTP Request: POST https://api.telegram.org/bot8416024172:AAFCrtEDIcSCIKJsHc0BWGDOf2ryK6OSZM0/getUpdates "HTTP/1.1 200 OK"
2026-03-30 09:47:20,971 - httpx - INFO - HTTP Request: POST https://api.telegram.org/bot8416024172:AAFCrtEDIcSCIKJsHc0BWGDOf2ryK6OSZM0/getUpdates "HTTP/1.1 200 OK"
2026-03-30 09:47:31,168 - httpx - INFO - HTTP Request: POST https://api.telegram.org/bot8416024172:AAFCrtEDIcSCIKJsHc0BWGDOf2ryK6OSZM0/getUpdates "HTTP/1.1 200 OK"
2026-03-30 09:47:41,393 - httpx - INFO - HTTP Request: POST https://api.telegram.org/bot8416024172:AAFCrtEDIcSCIKJsHc0BWGDOf2ryK6OSZM0/getUpdates "HTTP/1.1 200 OK"
2026-03-30 09:47:51,624 - httpx - INFO - HTTP Request: POST https://api.telegram.org/bot8416024172:AAFCrtEDIcSCIKJsHc0BWGDOf2ryK6OSZM0/getUpdates "HTTP/1.1 200 OK"
2026-03-30 09:48:01,967 - httpx - INFO - HTTP Request: POST https://api.telegram.org/bot8416024172:AAFCrtEDIcSCIKJsHc0BWGDOf2ryK6OSZM0/getUpdates "HTTP/1.1 200 OK"
2026-03-30 09:48:12,412 - httpx - INFO - HTTP Request: POST https://api.telegram.org/bot8416024172:AAFCrtEDIcSCIKJsHc0BWGDOf2ryK6OSZM0/getUpdates "HTTP/1.1 200 OK"
2026-03-30 09:48:22,652 - httpx - INFO - HTTP Request: POST https://api.telegram.org/bot8416024172:AAFCrtEDIcSCIKJsHc0BWGDOf2ryK6OSZM0/getUpdates "HTTP/1.1 200 OK"
2026-03-30 09:48:32,891 - httpx - INFO - HTTP Request: POST https://api.telegram.org/bot8416024172:AAFCrtEDIcSCIKJsHc0BWGDOf2ryK6OSZM0/getUpdates "HTTP/1.1 200 OK"
2026-03-30 09:48:43,131 - httpx - INFO - HTTP Request: POST https://api.telegram.org/bot8416024172:AAFCrtEDIcSCIKJsHc0BWGDOf2ryK6OSZM0/getUpdates "HTTP/1.1 200 OK"
2026-03-30 09:48:53,370 - httpx - INFO - HTTP Request: POST https://api.telegram.org/bot8416024172:AAFCrtEDIcSCIKJsHc0BWGDOf2ryK6OSZM0/getUpdates "HTTP/1.1 200 OK"
2026-03-30 09:49:03,610 - httpx - INFO - HTTP Request: POST https://api.telegram.org/bot8416024172:AAFCrtEDIcSCIKJsHc0BWGDOf2ryK6OSZM0/getUpdates "HTTP/1.1 200 OK"
2026-03-30 09:49:13,951 - httpx - INFO - HTTP Request: POST https://api.telegram.org/bot8416024172:AAFCrtEDIcSCIKJsHc0BWGDOf2ryK6OSZM0/getUpdates "HTTP/1.1 200 OK"
2026-03-30 09:49:24,807 - httpx - INFO - HTTP Request: POST https://api.telegram.org/bot8416024172:AAFCrtEDIcSCIKJsHc0BWGDOf2ryK6OSZM0/getUpdates "HTTP/1.1 200 OK"
2026-03-30 09:49:35,148 - httpx - INFO - HTTP Request: POST https://api.telegram.org/bot8416024172:AAFCrtEDIcSCIKJsHc0BWGDOf2ryK6OSZM0/getUpdates "HTTP/1.1 200 OK"
2026-03-30 09:49:45,387 - httpx - INFO - HTTP Request: POST https://api.telegram.org/bot8416024172:AAFCrtEDIcSCIKJsHc0BWGDOf2ryK6OSZM0/getUpdates "HTTP/1.1 200 OK"
2026-03-30 09:49:55,627 - httpx - INFO - HTTP Request: POST https://api.telegram.org/bot8416024172:AAFCrtEDIcSCIKJsHc0BWGDOf2ryK6OSZM0/getUpdates "HTTP/1.1 200 OK"
2026-03-30 09:50:05,866 - httpx - INFO - HTTP Request: POST https://api.telegram.org/bot8416024172:AAFCrtEDIcSCIKJsHc0BWGDOf2ryK6OSZM0/getUpdates "HTTP/1.1 200 OK"
2026-03-30 09:50:16,072 - httpx - INFO - HTTP Request: POST https://api.telegram.org/bot8416024172:AAFCrtEDIcSCIKJsHc0BWGDOf2ryK6OSZM0/getUpdates "HTTP/1.1 200 OK"
2026-03-30 09:50:26,345 - httpx - INFO - HTTP Request: POST https://api.telegram.org/bot8416024172:AAFCrtEDIcSCIKJsHc0BWGDOf2ryK6OSZM0/getUpdates "HTTP/1.1 200 OK"
2026-03-30 09:50:36,532 - httpx - INFO - HTTP Request: POST https://api.telegram.org/bot8416024172:AAFCrtEDIcSCIKJsHc0BWGDOf2ryK6OSZM0/getUpdates "HTTP/1.1 200 OK"
2026-03-30 09:50:47,338 - httpx - INFO - HTTP Request: POST https://api.telegram.org/bot8416024172:AAFCrtEDIcSCIKJsHc0BWGDOf2ryK6OSZM0/getUpdates "HTTP/1.1 200 OK"
2026-03-30 09:50:58,087 - httpx - INFO - HTTP Request: POST https://api.telegram.org/bot8416024172:AAFCrtEDIcSCIKJsHc0BWGDOf2ryK6OSZM0/getUpdates "HTTP/1.1 200 OK"
2026-03-30 09:51:08,440 - httpx - INFO - HTTP Request: POST https://api.telegram.org/bot8416024172:AAFCrtEDIcSCIKJsHc0BWGDOf2ryK6OSZM0/getUpdates "HTTP/1.1 200 OK"
2026-03-30 09:51:18,671 - httpx - INFO - HTTP Request: POST https://api.telegram.org/bot8416024172:AAFCrtEDIcSCIKJsHc0BWGDOf2ryK6OSZM0/getUpdates "HTTP/1.1 200 OK"
2026-03-30 09:51:28,911 - httpx - INFO - HTTP Request: POST https://api.telegram.org/bot8416024172:AAFCrtEDIcSCIKJsHc0BWGDOf2ryK6OSZM0/getUpdates "HTTP/1.1 200 OK"
2026-03-30 09:51:39,150 - httpx - INFO - HTTP Request: POST https://api.telegram.org/bot8416024172:AAFCrtEDIcSCIKJsHc0BWGDOf2ryK6OSZM0/getUpdates "HTTP/1.1 200 OK"
2026-03-30 09:51:49,697 - httpx - INFO - HTTP Request: POST https://api.telegram.org/bot8416024172:AAFCrtEDIcSCIKJsHc0BWGDOf2ryK6OSZM0/getUpdates "HTTP/1.1 200 OK"
2026-03-30 09:51:59,937 - httpx - INFO - HTTP Request: POST https://api.telegram.org/bot8416024172:AAFCrtEDIcSCIKJsHc0BWGDOf2ryK6OSZM0/getUpdates "HTTP/1.1 200 OK"
2026-03-30 09:52:10,155 - httpx - INFO - HTTP Request: POST https://api.telegram.org/bot8416024172:AAFCrtEDIcSCIKJsHc0BWGDOf2ryK6OSZM0/getUpdates "HTTP/1.1 200 OK"
2026-03-30 09:52:20,415 - httpx - INFO - HTTP Request: POST https://api.telegram.org/bot8416024172:AAFCrtEDIcSCIKJsHc0BWGDOf2ryK6OSZM0/getUpdates "HTTP/1.1 200 OK"
2026-03-30 09:52:30,607 - httpx - INFO - HTTP Request: POST https://api.telegram.org/bot8416024172:AAFCrtEDIcSCIKJsHc0BWGDOf2ryK6OSZM0/getUpdates "HTTP/1.1 200 OK"
2026-03-30 09:52:40,808 - httpx - INFO - HTTP Request: POST https://api.telegram.org/bot8416024172:AAFCrtEDIcSCIKJsHc0BWGDOf2ryK6OSZM0/getUpdates "HTTP/1.1 200 OK"
2026-03-30 09:52:51,135 - httpx - INFO - HTTP Request: POST https://api.telegram.org/bot8416024172:AAFCrtEDIcSCIKJsHc0BWGDOf2ryK6OSZM0/getUpdates "HTTP/1.1 200 OK"
2026-03-30 09:53:01,376 - httpx - INFO - HTTP Request: POST https://api.telegram.org/bot8416024172:AAFCrtEDIcSCIKJsHc0BWGDOf2ryK6OSZM0/getUpdates "HTTP/1.1 200 OK"
2026-03-30 09:53:11,615 - httpx - INFO - HTTP Request: POST https://api.telegram.org/bot8416024172:AAFCrtEDIcSCIKJsHc0BWGDOf2ryK6OSZM0/getUpdates "HTTP/1.1 200 OK"
2026-03-30 09:53:21,957 - httpx - INFO - HTTP Request: POST https://api.telegram.org/bot8416024172:AAFCrtEDIcSCIKJsHc0BWGDOf2ryK6OSZM0/getUpdates "HTTP/1.1 200 OK"
2026-03-30 09:53:32,307 - httpx - INFO - HTTP Request: POST https://api.telegram.org/bot8416024172:AAFCrtEDIcSCIKJsHc0BWGDOf2ryK6OSZM0/getUpdates "HTTP/1.1 200 OK"
